  [4;36;1mSQL (0.0ms)[0m   [0;1m SELECT name
 FROM sqlite_master
 WHERE type = 'table' AND NOT name = 'sqlite_sequence'
[0m
  [4;35;1mSQL (20.0ms)[0m   [0mselect sqlite_version(*)[0m
  [4;36;1mSQL (238.0ms)[0m   [0;1mCREATE TABLE "schema_migrations" ("version" varchar(255) NOT NULL) [0m
  [4;35;1mSQL (0.0ms)[0m   [0mPRAGMA index_list("schema_migrations")[0m
  [4;36;1mSQL (8.0ms)[0m   [0;1mCREATE UNIQUE INDEX "unique_schema_migrations" ON "schema_migrations" ("version")[0m
  [4;35;1mSQL (0.0ms)[0m   [0m SELECT name
 FROM sqlite_master
 WHERE type = 'table' AND NOT name = 'sqlite_sequence'
[0m
  [4;36;1mSQL (0.0ms)[0m   [0;1mSELECT version FROM schema_migrations[0m
Migrating to CreatePosts (20101005021344)
  [4;35;1mSQL (1.0ms)[0m   [0mCREATE TABLE "posts" ("id" INTEGER PRIMARY KEY AUTOINCREMENT NOT NULL, "title" varchar(255), "body" text, "created_at" datetime, "updated_at" datetime) [0m
  [4;36;1mSQL (0.0ms)[0m   [0;1mINSERT INTO schema_migrations (version) VALUES ('20101005021344')[0m
  [4;35;1mSQL (0.0ms)[0m   [0m SELECT name
 FROM sqlite_master
 WHERE type = 'table' AND NOT name = 'sqlite_sequence'
[0m
  [4;36;1mSQL (0.0ms)[0m   [0;1mSELECT version FROM schema_migrations[0m
  [4;35;1mSQL (0.0ms)[0m   [0m SELECT name
 FROM sqlite_master
 WHERE type = 'table' AND NOT name = 'sqlite_sequence'
[0m
  [4;36;1mSQL (0.0ms)[0m   [0;1mPRAGMA index_list("posts")[0m


Processing PostsController#index (for 127.0.0.1 at 2010-10-05 10:17:41) [GET]
  [4;36;1mPost Load (0.0ms)[0m   [0;1mSELECT * FROM "posts" [0m
Rendering template within layouts/posts
Rendering posts/index
Completed in 27ms (View: 18, DB: 0) | 200 OK [http://localhost/posts]


Processing PostsController#new (for 127.0.0.1 at 2010-10-05 10:17:45) [GET]
Rendering template within layouts/posts
Rendering posts/new
Completed in 25ms (View: 16, DB: 0) | 200 OK [http://localhost/posts/new]


Processing PostsController#create (for 127.0.0.1 at 2010-10-05 10:18:01) [POST]
  Parameters: {"commit"=>"Create", "post"=>{"body"=>"Hello world!", "title"=>"A new post on SSB"}, "authenticity_token"=>"rlZFWMu8BwYQIpeAp7XZT24tlbedjrlFz0rrFn+r3ac="}
  [4;35;1mPost Create (1.0ms)[0m   [0mINSERT INTO "posts" ("created_at", "title", "body", "updated_at") VALUES('2010-10-05 02:18:01', 'A new post on SSB', 'Hello world!', '2010-10-05 02:18:01')[0m
Redirected to http://localhost:3000/posts/1
Completed in 20ms (DB: 1) | 302 Found [http://localhost/posts]


Processing PostsController#show (for 127.0.0.1 at 2010-10-05 10:18:01) [GET]
  Parameters: {"id"=>"1"}
  [4;36;1mPost Load (1.0ms)[0m   [0;1mSELECT * FROM "posts" WHERE ("posts"."id" = 1) [0m
Rendering template within layouts/posts
Rendering posts/show
Completed in 20ms (View: 9, DB: 1) | 200 OK [http://localhost/posts/1]
